<?xml version="1.0" encoding="UTF-8"?>
<!-- Generated by org.testng.reporters.JUnitReportReporter -->
<testsuite hostname="DESKTOP-PR989T3" failures="0" tests="3" name="com.testsComponents.StandloneTest" time="63.737" errors="0" timestamp="2024-08-24T14:58:26 IST" skipped="0">
  <testcase classname="com.testsComponents.StandloneTest" name="submitOrder" time="32.058"/>
  <system-out/>
  <testcase classname="com.testsComponents.StandloneTest" name="submitOrder" time="14.042"/>
  <system-out/>
  <testcase classname="com.testsComponents.StandloneTest" name="orderHistory" time="17.637"/>
  <system-out/>
</testsuite> <!-- com.testsComponents.StandloneTest -->
