<?xml version="1.0" encoding="UTF-8"?>
<!-- Generated by org.testng.reporters.JUnitReportReporter -->
<testsuite hostname="ShishiraReddy" failures="0" tests="2" name="com.testsComponents.StandloneTest" time="26.526" errors="0" timestamp="2024-08-04T18:33:37 IST" skipped="0">
  <testcase classname="com.testsComponents.StandloneTest" name="submitOrder" time="10.848"/>
  <system-out/>
  <testcase classname="com.testsComponents.StandloneTest" name="submitOrder" time="15.678"/>
  <system-out/>
</testsuite> <!-- com.testsComponents.StandloneTest -->
