<?xml version="1.0" encoding="UTF-8"?>
<!-- Generated by org.testng.reporters.JUnitReportReporter -->
<testsuite hostname="ShishiraReddy" failures="0" tests="1" name="com.testsComponents.ErrorValidations" time="7.100" errors="0" timestamp="2024-08-04T18:30:39 IST" skipped="0">
  <testcase classname="com.testsComponents.ErrorValidations" name="loginErrorvaliations" time="7.100"/>
  <system-out/>
</testsuite> <!-- com.testsComponents.ErrorValidations -->
