<?xml version="1.0" encoding="UTF-8"?>
<!-- Generated by org.testng.reporters.JUnitReportReporter -->
<testsuite hostname="ShishiraReddy" failures="0" tests="2" name="com.testsComponents.StandloneTest" time="20.626" errors="0" timestamp="2024-08-06T13:26:01 IST" skipped="0">
  <testcase classname="com.testsComponents.StandloneTest" name="submitOrder" time="10.496"/>
  <system-out/>
  <testcase classname="com.testsComponents.StandloneTest" name="submitOrder" time="10.130"/>
  <system-out/>
</testsuite> <!-- com.testsComponents.StandloneTest -->
