<?xml version="1.0" encoding="UTF-8"?>
<!-- Generated by org.testng.reporters.JUnitReportReporter -->
<testsuite hostname="ShishiraReddy" failures="0" tests="3" name="com.testsComponents.StandloneTest" time="69.209" errors="0" timestamp="2024-08-06T00:28:32 IST" skipped="0">
  <testcase classname="com.testsComponents.StandloneTest" name="submitOrder" time="46.226"/>
  <system-out/>
  <testcase classname="com.testsComponents.StandloneTest" name="submitOrder" time="13.622"/>
  <system-out/>
  <testcase classname="com.testsComponents.StandloneTest" name="orderHistory" time="9.361"/>
  <system-out/>
</testsuite> <!-- com.testsComponents.StandloneTest -->
