<?xml version="1.0" encoding="UTF-8"?>
<!-- Generated by org.testng.reporters.JUnitReportReporter -->
<testsuite hostname="ShishiraBobbiti" failures="0" tests="1" name="testngframew.Demo3" time="0.016" errors="0" timestamp="2025-03-29T11:25:54 IST" skipped="0">
  <testcase classname="testngframew.Demo3" name="nissancarloan" time="0.016"/>
  <system-out/>
</testsuite> <!-- testngframew.Demo3 -->
