<?xml version="1.0" encoding="UTF-8"?>
<!-- Generated by org.testng.reporters.JUnitReportReporter -->
<testsuite hostname="ShishiraReddy" failures="0" tests="1" name="Testngframew.Demo2" time="0.004" errors="0" timestamp="2024-07-18T16:53:18 IST" skipped="0">
  <testcase classname="Testngframew.Demo2" name="thirdtest" time="0.004"/>
  <system-out/>
</testsuite> <!-- Testngframew.Demo2 -->
