<?xml version="1.0" encoding="UTF-8"?>
<!-- Generated by org.testng.reporters.JUnitReportReporter -->
<testsuite hostname="ShishiraReddy" failures="0" tests="3" name="Testngframew.Demo3" time="0.033" errors="0" timestamp="2024-07-18T16:53:18 IST" skipped="0">
  <testcase classname="Testngframew.Demo3" name="Weblogincar" time="0.008"/>
  <system-out/>
  <testcase classname="Testngframew.Demo3" name="APIlogincar" time="0.021"/>
  <system-out/>
  <testcase classname="Testngframew.Demo3" name="nissancarloan" time="0.004"/>
  <system-out/>
</testsuite> <!-- Testngframew.Demo3 -->
