<?xml version="1.0" encoding="UTF-8"?>
<!-- Generated by org.testng.reporters.JUnitReportReporter -->
<testsuite hostname="DESKTOP-PR989T3" failures="0" tests="1" name="testngframew.Demo2" time="0.008" errors="0" timestamp="2024-08-24T12:46:43 IST" skipped="0">
  <testcase classname="testngframew.Demo2" name="thirdtest" time="0.008"/>
  <system-out/>
</testsuite> <!-- testngframew.Demo2 -->
