<?xml version="1.0" encoding="UTF-8"?>
<!-- Generated by org.testng.reporters.JUnitReportReporter -->
<testsuite hostname="DESKTOP-PR989T3" failures="0" tests="7" name="testngframew.Demo1" time="0.048" errors="0" timestamp="2024-08-24T12:46:43 IST" skipped="1">
  <testcase classname="testngframew.Demo1" name="test" time="0.016"/>
  <system-out/>
  <testcase classname="testngframew.Demo1" name="sectest" time="0.007"/>
  <system-out/>
  <testcase classname="testngframew.Demo1" name="testdp" time="0.006"/>
  <system-out/>
  <testcase classname="testngframew.Demo1" name="testdp" time="0.006"/>
  <system-out/>
  <testcase classname="testngframew.Demo1" name="testdp" time="0.004"/>
  <system-out/>
  <testcase classname="testngframew.Demo1" name="testlistener" time="0.009"/>
  <system-out/>
  <testcase classname="testngframew.Demo1" name="enable">
    <skipped/>
  </testcase> <!-- enable -->
  <system-out/>
</testsuite> <!-- testngframew.Demo1 -->
