<?xml version="1.0" encoding="UTF-8"?>
<!-- Generated by org.testng.reporters.JUnitReportReporter -->
<testsuite hostname="ShishiraReddy" failures="0" tests="1" name="testngframew.PS1" time="0.021" errors="0" timestamp="2024-07-18T20:56:06 IST" skipped="0">
  <testcase classname="testngframew.PS1" name="testRun" time="0.021"/>
  <system-out/>
</testsuite> <!-- testngframew.PS1 -->
