<?xml version="1.0" encoding="UTF-8"?>
<!-- Generated by org.testng.reporters.JUnitReportReporter -->
<testsuite hostname="DESKTOP-PR989T3" failures="0" tests="1" name="testngframew.Demo3" time="0.023" errors="0" timestamp="2024-08-24T12:46:53 IST" skipped="0">
  <testcase classname="testngframew.Demo3" name="nissancarloan" time="0.023"/>
  <system-out/>
</testsuite> <!-- testngframew.Demo3 -->
