<?xml version="1.0" encoding="UTF-8"?>
<!-- Generated by org.testng.reporters.JUnitReportReporter -->
<testsuite hostname="DESKTOP-PR989T3" failures="0" tests="2" name="testngframew.Demo4" time="0.011" errors="0" timestamp="2024-08-24T12:46:53 IST" skipped="0">
  <testcase classname="testngframew.Demo4" name="bmwcarloan" time="0.008"/>
  <system-out/>
  <testcase classname="testngframew.Demo4" name="audicarloan" time="0.003"/>
  <system-out/>
</testsuite> <!-- testngframew.Demo4 -->
