<?xml version="1.0" encoding="UTF-8"?>
<!-- Generated by org.testng.reporters.JUnitReportReporter -->
<testsuite hostname="ShishiraReddy" failures="0" tests="2" name="Testngframew.Demo4" time="0.008" errors="0" timestamp="2024-07-18T16:53:18 IST" skipped="0">
  <testcase classname="Testngframew.Demo4" name="MobilesigninHome" time="0.005"/>
  <system-out/>
  <testcase classname="Testngframew.Demo4" name="MobileloginHome" time="0.003"/>
  <system-out/>
</testsuite> <!-- Testngframew.Demo4 -->
