<?xml version="1.0" encoding="UTF-8"?>
<!-- Generated by org.testng.reporters.JUnitReportReporter -->
<testsuite hostname="ShishiraBobbiti" failures="0" tests="2" name="testngframew.Demo4" time="0.004" errors="0" timestamp="2025-03-29T11:25:54 IST" skipped="0">
  <testcase classname="testngframew.Demo4" name="bmwcarloan" time="0.001"/>
  <system-out/>
  <testcase classname="testngframew.Demo4" name="audicarloan" time="0.003"/>
  <system-out/>
</testsuite> <!-- testngframew.Demo4 -->
