<?xml version="1.0" encoding="UTF-8"?>
<!-- Generated by org.testng.reporters.JUnitReportReporter -->
<testsuite hostname="DESKTOP-PR989T3" failures="0" tests="2" name="cucumber.TestngTestRunner" time="52.307" errors="0" timestamp="2024-09-06T19:59:48 IST" skipped="0">
  <testcase classname="cucumber.TestngTestRunner" name="runScenario" time="44.461"/>
  <system-out/>
  <testcase classname="cucumber.TestngTestRunner" name="runScenario" time="7.846"/>
  <system-out/>
</testsuite> <!-- cucumber.TestngTestRunner -->
