<?xml version="1.0" encoding="UTF-8"?>
<!-- Generated by org.testng.reporters.JUnitReportReporter -->
<testsuite hostname="DESKTOP-PR989T3" failures="0" tests="1" name="cucumber.TestngTestRunner" time="17.532" errors="0" timestamp="2024-09-07T12:08:27 IST" skipped="0">
  <testcase classname="cucumber.TestngTestRunner" name="runScenario" time="17.532"/>
  <system-out/>
</testsuite> <!-- cucumber.TestngTestRunner -->
