<?xml version="1.0" encoding="UTF-8"?>
<!-- Generated by org.testng.reporters.JUnitReportReporter -->
<testsuite hostname="ShishiraReddy" failures="0" tests="2" name="SeleFramework.ExtentReports.ExtentReportDemo" time="11.815" errors="0" timestamp="2024-08-05T15:37:39 IST" skipped="0">
  <testcase classname="SeleFramework.ExtentReports.ExtentReportDemo" name="secondDemo" time="4.183"/>
  <testcase classname="SeleFramework.ExtentReports.ExtentReportDemo" name="intialDemo" time="7.632"/>
</testsuite> <!-- SeleFramework.ExtentReports.ExtentReportDemo -->
