<?xml version="1.0" encoding="UTF-8"?>
<!-- Generated by org.testng.reporters.JUnitReportReporter -->
<testsuite hostname="DESKTOP-PR989T3" failures="0" tests="2" name="SeleFramework.ExtentReports.ExtentReportDemo" time="10.364" errors="0" timestamp="2024-08-24T13:01:16 IST" skipped="0">
  <testcase classname="SeleFramework.ExtentReports.ExtentReportDemo" name="secondDemo" time="4.308"/>
  <testcase classname="SeleFramework.ExtentReports.ExtentReportDemo" name="intialDemo" time="6.056"/>
</testsuite> <!-- SeleFramework.ExtentReports.ExtentReportDemo -->
