<?xml version="1.0" encoding="UTF-8"?>
<!-- Generated by org.testng.reporters.JUnitReportReporter -->
<testsuite hostname="ShishiraBobbiti" failures="0" tests="2" name="SeleFramework.ExtentReports.ExtentReportDemo" time="8.512" errors="0" timestamp="2025-03-29T13:07:22 IST" skipped="0">
  <testcase classname="SeleFramework.ExtentReports.ExtentReportDemo" name="secondDemo" time="3.017"/>
  <testcase classname="SeleFramework.ExtentReports.ExtentReportDemo" name="intialDemo" time="5.495"/>
</testsuite> <!-- SeleFramework.ExtentReports.ExtentReportDemo -->
